<?xml version="1.0" encoding="UTF-8"?>
<!-- Generated by org.testng.reporters.JUnitReportReporter -->
<testsuite hostname="LAPTOP-HA3KNLJH" failures="0" tests="3" name="restAPIBDD.GetRequest" time="5.937" errors="0" timestamp="10 Dec 2022 07:22:24 GMT" skipped="0">
  <testcase classname="restAPIBDD.GetRequest" name="test2" time="1.845"/>
  <testcase classname="restAPIBDD.GetRequest" name="test1" time="3.873"/>
  <testcase classname="restAPIBDD.GetRequest" name="test3" time="0.219"/>
</testsuite> <!-- restAPIBDD.GetRequest -->
