<?xml version="1.0" encoding="UTF-8"?>
<!-- Generated by org.testng.reporters.JUnitReportReporter -->
<testsuite hostname="LAPTOP-HA3KNLJH" failures="0" tests="1" name="restAPI.PostRequestwithMap" time="4.610" errors="0" timestamp="10 Dec 2022 07:21:35 GMT" skipped="0">
  <testcase classname="restAPI.PostRequestwithMap" name="test1" time="4.610"/>
</testsuite> <!-- restAPI.PostRequestwithMap -->
