<?xml version="1.0" encoding="UTF-8"?>
<!-- Generated by org.testng.reporters.JUnitReportReporter -->
<testsuite hostname="LAPTOP-HA3KNLJH" failures="0" tests="1" name="restAPIBDD.PostRequest" time="5.682" errors="0" timestamp="10 Dec 2022 07:22:54 GMT" skipped="0">
  <testcase classname="restAPIBDD.PostRequest" name="test1" time="5.682"/>
</testsuite> <!-- restAPIBDD.PostRequest -->
