<?xml version="1.0" encoding="UTF-8"?>
<!-- Generated by org.testng.reporters.JUnitReportReporter -->
<testsuite hostname="LAPTOP-HA3KNLJH" failures="0" tests="1" name="restAPI.GetRequest" time="2.157" errors="0" timestamp="10 Dec 2022 07:25:42 GMT" skipped="0">
  <testcase classname="restAPI.GetRequest" name="test" time="2.157"/>
</testsuite> <!-- restAPI.GetRequest -->
