<?xml version="1.0" encoding="UTF-8"?>
<!-- Generated by org.testng.reporters.JUnitReportReporter -->
<testsuite hostname="LAPTOP-HA3KNLJH" failures="0" tests="1" name="restAPI.PostRequestwithFile" time="3.536" errors="0" timestamp="10 Dec 2022 07:20:22 GMT" skipped="0">
  <testcase classname="restAPI.PostRequestwithFile" name="test1" time="3.536"/>
</testsuite> <!-- restAPI.PostRequestwithFile -->
