<?xml version="1.0" encoding="UTF-8"?>
<!-- Generated by org.testng.reporters.JUnitReportReporter -->
<testsuite hostname="LAPTOP-HA3KNLJH" failures="0" tests="1" name="restAPIXML.XMLExample" time="5.060" errors="0" timestamp="10 Dec 2022 07:23:43 GMT" skipped="0">
  <testcase classname="restAPIXML.XMLExample" name="Test1" time="5.060"/>
</testsuite> <!-- restAPIXML.XMLExample -->
